<?xml version="1.0" encoding="UTF-8" ?>
<testsuite errors="0" failures="0" hostname="sudhakars-MacBook-Pro.local" name="com.allendowney.thinkdast.ListClientExampleTest" skipped="0" tests="1" time="5.061" timestamp="2017-08-03T07:38:43">
  <properties>
    <property name="java.vendor" value="Oracle Corporation" />
    <property name="sun.java.launcher" value="SUN_STANDARD" />
    <property name="env.XPC_SERVICE_NAME" value="0" />
    <property name="sun.management.compiler" value="HotSpot 64-Bit Tiered Compilers" />
    <property name="env.SECURITYSESSIONID" value="186a7" />
    <property name="os.name" value="Mac OS X" />
    <property name="sun.boot.class.path" value="/Library/Java/JavaVirtualMachines/jdk1.8.0_131.jdk/Contents/Home/jre/lib/resources.jar:/Library/Java/JavaVirtualMachines/jdk1.8.0_131.jdk/Contents/Home/jre/lib/rt.jar:/Library/Java/JavaVirtualMachines/jdk1.8.0_131.jdk/Contents/Home/jre/lib/sunrsasign.jar:/Library/Java/JavaVirtualMachines/jdk1.8.0_131.jdk/Contents/Home/jre/lib/jsse.jar:/Library/Java/JavaVirtualMachines/jdk1.8.0_131.jdk/Contents/Home/jre/lib/jce.jar:/Library/Java/JavaVirtualMachines/jdk1.8.0_131.jdk/Contents/Home/jre/lib/charsets.jar:/Library/Java/JavaVirtualMachines/jdk1.8.0_131.jdk/Contents/Home/jre/lib/jfr.jar:/Library/Java/JavaVirtualMachines/jdk1.8.0_131.jdk/Contents/Home/jre/classes" />
    <property name="env.TMPDIR" value="/var/folders/6l/6l5lv8354kj1_hkmkv7395sh0000gp/T/" />
    <property name="env.PWD" value="/Users/kayathri/Code/GitHub/ThinkDataStructures/solutions" />
    <property name="env.LANG" value="en_US.UTF-8" />
    <property name="java.vm.specification.vendor" value="Oracle Corporation" />
    <property name="ant.home" value="/Users/kayathri/apache-ant-1.10.1" />
    <property name="java.runtime.version" value="1.8.0_131-b11" />
    <property name="env.Apple_PubSub_Socket_Render" value="/private/tmp/com.apple.launchd.pzQGmnU3i9/Render" />
    <property name="env.DISPLAY" value="/private/tmp/com.apple.launchd.l4Tpihq9Qf/org.macosforge.xquartz:0" />
    <property name="user.name" value="kayathri" />
    <property name="env.USER" value="kayathri" />
    <property name="env.SHELL" value="/bin/bash" />
    <property name="env.__CF_USER_TEXT_ENCODING" value="0x1F6:0x0:0x0" />
    <property name="env.PATH" value="/Library/Frameworks/Python.framework/Versions/3.6/bin:/Library/Frameworks/Python.framework/Versions/3.4/bin:/usr/local/bin:/usr/bin:/bin:/usr/sbin:/sbin:/opt/X11/bin:/usr/local/share/dotnet:/Library/Frameworks/Mono.framework/Versions/Current/Commands:/Users/kayathri/gradle/bin:/Users/kayathri/apache-maven-3.1.1/bin:/Users/kayathri/apache-ant-1.10.1/bin" />
    <property name="user.language" value="en" />
    <property name="sun.boot.library.path" value="/Library/Java/JavaVirtualMachines/jdk1.8.0_131.jdk/Contents/Home/jre/lib" />
    <property name="ant.project.default-target" value="build" />
    <property name="env.XPC_FLAGS" value="0x0" />
    <property name="ant.project.name" value="ThinkDaSt" />
    <property name="java.version" value="1.8.0_131" />
    <property name="user.timezone" value="" />
    <property name="sun.arch.data.model" value="64" />
    <property name="ant.file.type.ThinkDaSt" value="file" />
    <property name="http.nonProxyHosts" value="local|*.local|169.254/16|*.169.254/16" />
    <property name="java.endorsed.dirs" value="/Library/Java/JavaVirtualMachines/jdk1.8.0_131.jdk/Contents/Home/jre/lib/endorsed" />
    <property name="sun.cpu.isalist" value="" />
    <property name="sun.jnu.encoding" value="UTF-8" />
    <property name="file.encoding.pkg" value="sun.io" />
    <property name="env.SHLVL" value="1" />
    <property name="file.separator" value="/" />
    <property name="java.specification.name" value="Java Platform API Specification" />
    <property name="java.class.version" value="52.0" />
    <property name="user.country" value="US" />
    <property name="env.GRADLE_HOME" value="/Users/kayathri/gradle" />
    <property name="java.home" value="/Library/Java/JavaVirtualMachines/jdk1.8.0_131.jdk/Contents/Home/jre" />
    <property name="java.vm.info" value="mixed mode" />
    <property name="env.LOGNAME" value="kayathri" />
    <property name="ant.file" value="/Users/kayathri/Code/GitHub/ThinkDataStructures/solutions/build.xml" />
    <property name="os.version" value="10.12.6" />
    <property name="env.TERM_PROGRAM_VERSION" value="388.1.1" />
    <property name="path.separator" value=":" />
    <property name="java.vm.version" value="25.131-b11" />
    <property name="ant.library.dir" value="/Users/kayathri/apache-ant-1.10.1/lib" />
    <property name="junit.output.dir" value="junit" />
    <property name="env.JAVA_HOME" value="/Library/Java/JavaVirtualMachines/jdk1.8.0_131.jdk/Contents/Home" />
    <property name="java.awt.printerjob" value="sun.lwawt.macosx.CPrinterJob" />
    <property name="env.TERM" value="xterm-256color" />
    <property name="sun.io.unicode.encoding" value="UnicodeBig" />
    <property name="awt.toolkit" value="sun.lwawt.macosx.LWCToolkit" />
    <property name="socksNonProxyHosts" value="local|*.local|169.254/16|*.169.254/16" />
    <property name="ftp.nonProxyHosts" value="local|*.local|169.254/16|*.169.254/16" />
    <property name="user.home" value="/Users/kayathri" />
    <property name="target" value="1.7" />
    <property name="java.specification.vendor" value="Oracle Corporation" />
    <property name="env.TERM_PROGRAM" value="Apple_Terminal" />
    <property name="env.M2_HOME" value="/Users/kayathri/apache-maven-3.1.1" />
    <property name="java.library.path" value="/Users/kayathri/Library/Java/Extensions:/Library/Java/Extensions:/Network/Library/Java/Extensions:/System/Library/Java/Extensions:/usr/lib/java:." />
    <property name="java.vendor.url" value="http://java.oracle.com/" />
    <property name="java.vm.vendor" value="Oracle Corporation" />
    <property name="gopherProxySet" value="false" />
    <property name="java.runtime.name" value="Java(TM) SE Runtime Environment" />
    <property name="sun.java.command" value="org.apache.tools.ant.taskdefs.optional.junit.JUnitTestRunner com.allendowney.thinkdast.ListClientExampleTest skipNonTests=false filtertrace=true haltOnError=false haltOnFailure=false formatter=org.apache.tools.ant.taskdefs.optional.junit.OutErrSummaryJUnitResultFormatter showoutput=false outputtoformatters=true logfailedtests=true threadid=0 logtestlistenerevents=false formatter=org.apache.tools.ant.taskdefs.optional.junit.XMLJUnitResultFormatter,/Users/kayathri/Code/GitHub/ThinkDataStructures/solutions/junit/TEST-com.allendowney.thinkdast.ListClientExampleTest.xml crashfile=/Users/kayathri/Code/GitHub/ThinkDataStructures/solutions/junitvmwatcher7987522062366122589.properties propsfile=/Users/kayathri/Code/GitHub/ThinkDataStructures/solutions/junit743397945313586994.properties" />
    <property name="java.class.path" value="/Users/kayathri/Code/GitHub/ThinkDataStructures/solutions/bin:/Users/kayathri/Code/GitHub/ThinkDataStructures/solutions/lib/jedis-2.8.0.jar:/Users/kayathri/Code/GitHub/ThinkDataStructures/solutions/lib/jsoup-1.8.3.jar:/Users/kayathri/Code/GitHub/ThinkDataStructures/solutions/lib/junit-4.12.jar:/Users/kayathri/Code/GitHub/ThinkDataStructures/solutions/lib/hamcrest-core-1.3.jar:/Users/kayathri/Code/GitHub/ThinkDataStructures/solutions/lib/jcommon-1.0.23.jar:/Users/kayathri/Code/GitHub/ThinkDataStructures/solutions/lib/jfreechart-1.0.19.jar:/Users/kayathri/Code/GitHub/ThinkDataStructures/solutions/lib/servlet.jar:/Users/kayathri/Code/GitHub/ThinkDataStructures/solutions/lib/ant-junit.jar:/Users/kayathri/Code/GitHub/ThinkDataStructures/solutions/lib/commons-math3-3.6.jar:/Users/kayathri/Code/GitHub/ThinkDataStructures/solutions/lib/hamcrest-library-1.3.jar:/Users/kayathri/apache-ant-1.10.1/lib/ant-launcher.jar:/Users/kayathri/apache-ant-1.10.1/lib/ant.jar:/Users/kayathri/apache-ant-1.10.1/lib/ant-junit.jar:/Users/kayathri/apache-ant-1.10.1/lib/ant-junit4.jar" />
    <property name="ant.version" value="Apache Ant(TM) version 1.10.1 compiled on February 2 2017" />
    <property name="env.TERM_SESSION_ID" value="E5EFEEB4-F839-487F-AD44-82F2227EE472" />
    <property name="java.vm.specification.name" value="Java Virtual Machine Specification" />
    <property name="ant.file.type" value="file" />
    <property name="java.vm.specification.version" value="1.8" />
    <property name="sun.cpu.endian" value="little" />
    <property name="sun.os.patch.level" value="unknown" />
    <property name="env.HOME" value="/Users/kayathri" />
    <property name="debuglevel" value="source,lines,vars" />
    <property name="env.ANT_HOME" value="/Users/kayathri/apache-ant-1.10.1" />
    <property name="java.io.tmpdir" value="/var/folders/6l/6l5lv8354kj1_hkmkv7395sh0000gp/T/" />
    <property name="java.vendor.url.bug" value="http://bugreport.sun.com/bugreport/" />
    <property name="env.SSH_AUTH_SOCK" value="/private/tmp/com.apple.launchd.An3JW2hXxq/Listeners" />
    <property name="java.awt.graphicsenv" value="sun.awt.CGraphicsEnvironment" />
    <property name="os.arch" value="x86_64" />
    <property name="java.ext.dirs" value="/Users/kayathri/Library/Java/Extensions:/Library/Java/JavaVirtualMachines/jdk1.8.0_131.jdk/Contents/Home/jre/lib/ext:/Library/Java/Extensions:/Network/Library/Java/Extensions:/System/Library/Java/Extensions:/usr/lib/java" />
    <property name="user.dir" value="/Users/kayathri/Code/GitHub/ThinkDataStructures/solutions" />
    <property name="line.separator" value="&#xa;" />
    <property name="java.vm.name" value="Java HotSpot(TM) 64-Bit Server VM" />
    <property name="basedir" value="/Users/kayathri/Code/GitHub/ThinkDataStructures/solutions" />
    <property name="ant.java.version" value="1.8" />
    <property name="ant.core.lib" value="/Users/kayathri/apache-ant-1.10.1/lib/ant.jar" />
    <property name="source" value="1.7" />
    <property name="file.encoding" value="UTF-8" />
    <property name="java.specification.version" value="1.8" />
    <property name="env.JAVA_MAIN_CLASS_21534" value="org.apache.tools.ant.launch.Launcher" />
    <property name="ant.project.invoked-targets" value="ListClientExampleTest" />
    <property name="ant.file.ThinkDaSt" value="/Users/kayathri/Code/GitHub/ThinkDataStructures/solutions/build.xml" />
  </properties>
  <testcase classname="com.allendowney.thinkdast.ListClientExampleTest" name="testListClientExample" time="0.004" />
  <system-out><![CDATA[]]></system-out>
  <system-err><![CDATA[]]></system-err>
</testsuite>
